Data Path: ../data-firm/atarget.csv
Model Path: None
Checkpoint Path: ./model/metappo-rnn-ep30.pth.tar
Operation: adaptation
Verbosity: False | Disable Meta-learning? False
target path is:  ../data-firm/atarget.csv
TCA done finally
TCA applied. Target dataset updated.
Iteration: 0 (200 steps) - Average rewards across episodes: 20.427 | Moving average: 20.427
Iteration: 1 (200 steps) - Average rewards across episodes: 17.645 | Moving average: 19.036
Iteration: 2 (200 steps) - Average rewards across episodes: 18.694 | Moving average: 18.922
Iteration: 3 (200 steps) - Average rewards across episodes: 22.43 | Moving average: 19.799
Iteration: 4 (200 steps) - Average rewards across episodes: 22.644 | Moving average: 20.368
Iteration: 5 (200 steps) - Average rewards across episodes: 23.212 | Moving average: 20.842
Iteration: 6 (200 steps) - Average rewards across episodes: 22.621 | Moving average: 21.096
Iteration: 7 (200 steps) - Average rewards across episodes: 20.157 | Moving average: 20.979
Iteration: 8 (200 steps) - Average rewards across episodes: 21.741 | Moving average: 21.063
Iteration: 9 (200 steps) - Average rewards across episodes: 23.485 | Moving average: 21.306
Iteration: 10 (200 steps) - Average rewards across episodes: 25.228 | Moving average: 21.786
Iteration: 11 (200 steps) - Average rewards across episodes: 24.496 | Moving average: 22.471
Iteration: 12 (200 steps) - Average rewards across episodes: 21.588 | Moving average: 22.76
Iteration: 13 (200 steps) - Average rewards across episodes: 21.231 | Moving average: 22.64
Iteration: 14 (200 steps) - Average rewards across episodes: 24.583 | Moving average: 22.834
Iteration: 15 (200 steps) - Average rewards across episodes: 25.238 | Moving average: 23.037
Iteration: 16 (200 steps) - Average rewards across episodes: 26.371 | Moving average: 23.412
Iteration: 17 (200 steps) - Average rewards across episodes: 27.259 | Moving average: 24.122
Iteration: 18 (200 steps) - Average rewards across episodes: 26.422 | Moving average: 24.59
Iteration: 19 (200 steps) - Average rewards across episodes: 26.059 | Moving average: 24.847
Iteration: 20 (200 steps) - Average rewards across episodes: 25.345 | Moving average: 24.859
Iteration: 21 (200 steps) - Average rewards across episodes: 25.823 | Moving average: 24.992
Iteration: 22 (200 steps) - Average rewards across episodes: 27.787 | Moving average: 25.612
Iteration: 23 (200 steps) - Average rewards across episodes: 27.894 | Moving average: 26.278
Iteration: 24 (200 steps) - Average rewards across episodes: 27.024 | Moving average: 26.522
Iteration: 25 (200 steps) - Average rewards across episodes: 28.707 | Moving average: 26.869
Iteration: 26 (200 steps) - Average rewards across episodes: 29.107 | Moving average: 27.143
Iteration: 27 (200 steps) - Average rewards across episodes: 27.088 | Moving average: 27.126
Iteration: 28 (200 steps) - Average rewards across episodes: 28.705 | Moving average: 27.354
Iteration: 29 (200 steps) - Average rewards across episodes: 29.119 | Moving average: 27.66
Iteration: 30 (200 steps) - Average rewards across episodes: 29.094 | Moving average: 28.035
Iteration: 31 (200 steps) - Average rewards across episodes: 29.109 | Moving average: 28.364
Iteration: 32 (200 steps) - Average rewards across episodes: 27.889 | Moving average: 28.374
Iteration: 33 (200 steps) - Average rewards across episodes: 28.718 | Moving average: 28.456
Iteration: 34 (200 steps) - Average rewards across episodes: 28.718 | Moving average: 28.625
Iteration: 35 (200 steps) - Average rewards across episodes: 29.521 | Moving average: 28.707
Iteration: 36 (200 steps) - Average rewards across episodes: 28.718 | Moving average: 28.668
Iteration: 37 (200 steps) - Average rewards across episodes: 28.718 | Moving average: 28.831
Iteration: 38 (200 steps) - Average rewards across episodes: 28.718 | Moving average: 28.832
Iteration: 39 (200 steps) - Average rewards across episodes: 29.521 | Moving average: 28.872
Iteration: 40 (200 steps) - Average rewards across episodes: 28.718 | Moving average: 28.835
Iteration: 41 (200 steps) - Average rewards across episodes: 28.306 | Moving average: 28.754
Iteration: 42 (200 steps) - Average rewards across episodes: 28.718 | Moving average: 28.837
Iteration: 43 (200 steps) - Average rewards across episodes: 28.718 | Moving average: 28.837
Iteration: 44 (200 steps) - Average rewards across episodes: 29.119 | Moving average: 28.877
Iteration: 45 (200 steps) - Average rewards across episodes: 28.718 | Moving average: 28.797
Iteration: 46 (200 steps) - Average rewards across episodes: 28.718 | Moving average: 28.797
Iteration: 47 (200 steps) - Average rewards across episodes: 29.119 | Moving average: 28.837
Iteration: 48 (200 steps) - Average rewards across episodes: 29.119 | Moving average: 28.877
Iteration: 49 (200 steps) - Average rewards across episodes: 29.119 | Moving average: 28.837
Iteration: 50 (200 steps) - Average rewards across episodes: 18.021 | Moving average: 27.767
Iteration: 51 (200 steps) - Average rewards across episodes: 15.848 | Moving average: 26.522
Iteration: 52 (200 steps) - Average rewards across episodes: 20.59 | Moving average: 25.709
Iteration: 53 (200 steps) - Average rewards across episodes: 17.205 | Moving average: 24.558
Iteration: 54 (200 steps) - Average rewards across episodes: 19.594 | Moving average: 23.605
Iteration: 55 (200 steps) - Average rewards across episodes: 21.357 | Moving average: 22.869
Iteration: 56 (200 steps) - Average rewards across episodes: 24.647 | Moving average: 22.462
Iteration: 57 (200 steps) - Average rewards across episodes: 26.287 | Moving average: 22.179
Iteration: 58 (200 steps) - Average rewards across episodes: 27.134 | Moving average: 21.98
Iteration: 59 (200 steps) - Average rewards across episodes: 27.932 | Moving average: 21.862
Iteration: 60 (200 steps) - Average rewards across episodes: 22.104 | Moving average: 22.27
Iteration: 61 (200 steps) - Average rewards across episodes: 22.941 | Moving average: 22.979
Iteration: 62 (200 steps) - Average rewards across episodes: 27.075 | Moving average: 23.628
Iteration: 63 (200 steps) - Average rewards across episodes: 25.816 | Moving average: 24.489
Iteration: 64 (200 steps) - Average rewards across episodes: 25.816 | Moving average: 25.111
Iteration: 65 (200 steps) - Average rewards across episodes: 27.06 | Moving average: 25.681
Iteration: 66 (200 steps) - Average rewards across episodes: 27.863 | Moving average: 26.003
Iteration: 67 (200 steps) - Average rewards across episodes: 29.094 | Moving average: 26.284
Iteration: 68 (200 steps) - Average rewards across episodes: 26.645 | Moving average: 26.235
Iteration: 69 (200 steps) - Average rewards across episodes: 27.474 | Moving average: 26.189
Iteration: 70 (200 steps) - Average rewards across episodes: 28.705 | Moving average: 26.849
Iteration: 71 (200 steps) - Average rewards across episodes: 28.303 | Moving average: 27.385
Iteration: 72 (200 steps) - Average rewards across episodes: 27.876 | Moving average: 27.465
Iteration: 73 (200 steps) - Average rewards across episodes: 27.06 | Moving average: 27.59
Iteration: 74 (200 steps) - Average rewards across episodes: 27.876 | Moving average: 27.796
Iteration: 75 (200 steps) - Average rewards across episodes: 27.461 | Moving average: 27.836
Iteration: 76 (200 steps) - Average rewards across episodes: 26.231 | Moving average: 27.672
Iteration: 77 (200 steps) - Average rewards across episodes: 27.477 | Moving average: 27.511
Iteration: 78 (200 steps) - Average rewards across episodes: 25.845 | Moving average: 27.431
Iteration: 79 (200 steps) - Average rewards across episodes: 27.891 | Moving average: 27.472
Iteration: 80 (200 steps) - Average rewards across episodes: 27.876 | Moving average: 27.39
Iteration: 81 (200 steps) - Average rewards across episodes: 29.094 | Moving average: 27.469
Iteration: 82 (200 steps) - Average rewards across episodes: 23.757 | Moving average: 27.057
Iteration: 83 (200 steps) - Average rewards across episodes: 26.231 | Moving average: 26.974
Iteration: 84 (200 steps) - Average rewards across episodes: 27.06 | Moving average: 26.892
Iteration: 85 (200 steps) - Average rewards across episodes: 26.259 | Moving average: 26.772
Iteration: 86 (200 steps) - Average rewards across episodes: 24.586 | Moving average: 26.607
Iteration: 87 (200 steps) - Average rewards across episodes: 24.534 | Moving average: 26.313
Iteration: 88 (200 steps) - Average rewards across episodes: 19.7 | Moving average: 25.699
Iteration: 89 (200 steps) - Average rewards across episodes: 19.29 | Moving average: 24.839
Iteration: 90 (200 steps) - Average rewards across episodes: 20.511 | Moving average: 24.102
Iteration: 91 (200 steps) - Average rewards across episodes: 18.605 | Moving average: 23.053
Iteration: 92 (200 steps) - Average rewards across episodes: 25.047 | Moving average: 23.182
Iteration: 93 (200 steps) - Average rewards across episodes: 24.202 | Moving average: 22.979
Iteration: 94 (200 steps) - Average rewards across episodes: 23.463 | Moving average: 22.62
Iteration: 95 (200 steps) - Average rewards across episodes: 23.064 | Moving average: 22.3
Iteration: 96 (200 steps) - Average rewards across episodes: 23.031 | Moving average: 22.145
Iteration: 97 (200 steps) - Average rewards across episodes: 25.837 | Moving average: 22.275
Iteration: 98 (200 steps) - Average rewards across episodes: 23.901 | Moving average: 22.695
Iteration: 99 (200 steps) - Average rewards across episodes: 25.103 | Moving average: 23.277
