Data Path: ../data-firm/decompress_output.csv
Model Path: None
Checkpoint Path: ./model/metappo-rnn-ep30.pth.tar
Operation: adaptation
Verbosity: False | Disable Meta-learning? False
target path is:  ../data-firm/decompress_output.csv
TCA done finally
TCA applied. Target dataset updated.
Iteration: 0 (200 steps) - Average rewards across episodes: 31.081 | Moving average: 31.081
Iteration: 1 (200 steps) - Average rewards across episodes: 30.009 | Moving average: 30.545
Iteration: 2 (200 steps) - Average rewards across episodes: 35.148 | Moving average: 32.079
Iteration: 3 (200 steps) - Average rewards across episodes: 28.612 | Moving average: 31.213
Iteration: 4 (200 steps) - Average rewards across episodes: 28.424 | Moving average: 30.655
Iteration: 5 (200 steps) - Average rewards across episodes: 32.56 | Moving average: 30.972
Iteration: 6 (200 steps) - Average rewards across episodes: 30.673 | Moving average: 30.93
Iteration: 7 (200 steps) - Average rewards across episodes: 30.765 | Moving average: 30.909
Iteration: 8 (200 steps) - Average rewards across episodes: 34.375 | Moving average: 31.294
Iteration: 9 (200 steps) - Average rewards across episodes: 32.351 | Moving average: 31.4
Iteration: 10 (200 steps) - Average rewards across episodes: 29.656 | Moving average: 31.257
Iteration: 11 (200 steps) - Average rewards across episodes: 32.078 | Moving average: 31.464
Iteration: 12 (200 steps) - Average rewards across episodes: 32.927 | Moving average: 31.242
Iteration: 13 (200 steps) - Average rewards across episodes: 30.341 | Moving average: 31.415
Iteration: 14 (200 steps) - Average rewards across episodes: 34.442 | Moving average: 32.017
Iteration: 15 (200 steps) - Average rewards across episodes: 30.119 | Moving average: 31.773
Iteration: 16 (200 steps) - Average rewards across episodes: 31.684 | Moving average: 31.874
Iteration: 17 (200 steps) - Average rewards across episodes: 31.212 | Moving average: 31.919
Iteration: 18 (200 steps) - Average rewards across episodes: 30.493 | Moving average: 31.53
Iteration: 19 (200 steps) - Average rewards across episodes: 33.134 | Moving average: 31.609
Iteration: 20 (200 steps) - Average rewards across episodes: 27.687 | Moving average: 31.412
Iteration: 21 (200 steps) - Average rewards across episodes: 31.323 | Moving average: 31.336
Iteration: 22 (200 steps) - Average rewards across episodes: 34.196 | Moving average: 31.463
Iteration: 23 (200 steps) - Average rewards across episodes: 33.069 | Moving average: 31.736
Iteration: 24 (200 steps) - Average rewards across episodes: 34.632 | Moving average: 31.755
Iteration: 25 (200 steps) - Average rewards across episodes: 33.628 | Moving average: 32.106
Iteration: 26 (200 steps) - Average rewards across episodes: 36.744 | Moving average: 32.612
Iteration: 27 (200 steps) - Average rewards across episodes: 36.163 | Moving average: 33.107
Iteration: 28 (200 steps) - Average rewards across episodes: 36.882 | Moving average: 33.746
Iteration: 29 (200 steps) - Average rewards across episodes: 33.019 | Moving average: 33.734
Iteration: 30 (200 steps) - Average rewards across episodes: 36.844 | Moving average: 34.65
Iteration: 31 (200 steps) - Average rewards across episodes: 33.698 | Moving average: 34.887
Iteration: 32 (200 steps) - Average rewards across episodes: 34.671 | Moving average: 34.935
Iteration: 33 (200 steps) - Average rewards across episodes: 32.841 | Moving average: 34.912
Iteration: 34 (200 steps) - Average rewards across episodes: 33.457 | Moving average: 34.795
Iteration: 35 (200 steps) - Average rewards across episodes: 35.662 | Moving average: 34.998
Iteration: 36 (200 steps) - Average rewards across episodes: 36.573 | Moving average: 34.981
Iteration: 37 (200 steps) - Average rewards across episodes: 34.616 | Moving average: 34.826
Iteration: 38 (200 steps) - Average rewards across episodes: 34.122 | Moving average: 34.55
Iteration: 39 (200 steps) - Average rewards across episodes: 31.397 | Moving average: 34.388
Iteration: 40 (200 steps) - Average rewards across episodes: 34.567 | Moving average: 34.16
Iteration: 41 (200 steps) - Average rewards across episodes: 28.247 | Moving average: 33.615
Iteration: 42 (200 steps) - Average rewards across episodes: 29.408 | Moving average: 33.089
Iteration: 43 (200 steps) - Average rewards across episodes: 34.267 | Moving average: 33.232
Iteration: 44 (200 steps) - Average rewards across episodes: 33.694 | Moving average: 33.255
Iteration: 45 (200 steps) - Average rewards across episodes: 31.619 | Moving average: 32.851
Iteration: 46 (200 steps) - Average rewards across episodes: 33.484 | Moving average: 32.542
Iteration: 47 (200 steps) - Average rewards across episodes: 34.079 | Moving average: 32.488
Iteration: 48 (200 steps) - Average rewards across episodes: 26.22 | Moving average: 31.698
Iteration: 49 (200 steps) - Average rewards across episodes: 31.521 | Moving average: 31.711
Iteration: 50 (200 steps) - Average rewards across episodes: 28.742 | Moving average: 31.128
Iteration: 51 (200 steps) - Average rewards across episodes: 31.305 | Moving average: 31.434
Iteration: 52 (200 steps) - Average rewards across episodes: 32.873 | Moving average: 31.78
Iteration: 53 (200 steps) - Average rewards across episodes: 31.295 | Moving average: 31.483
Iteration: 54 (200 steps) - Average rewards across episodes: 29.714 | Moving average: 31.085
Iteration: 55 (200 steps) - Average rewards across episodes: 34.988 | Moving average: 31.422
Iteration: 56 (200 steps) - Average rewards across episodes: 29.339 | Moving average: 31.008
Iteration: 57 (200 steps) - Average rewards across episodes: 33.987 | Moving average: 30.998
Iteration: 58 (200 steps) - Average rewards across episodes: 34.195 | Moving average: 31.796
Iteration: 59 (200 steps) - Average rewards across episodes: 31.516 | Moving average: 31.795
Iteration: 60 (200 steps) - Average rewards across episodes: 35.467 | Moving average: 32.468
Iteration: 61 (200 steps) - Average rewards across episodes: 33.243 | Moving average: 32.662
Iteration: 62 (200 steps) - Average rewards across episodes: 32.35 | Moving average: 32.609
Iteration: 63 (200 steps) - Average rewards across episodes: 31.567 | Moving average: 32.637
Iteration: 64 (200 steps) - Average rewards across episodes: 32.685 | Moving average: 32.934
Iteration: 65 (200 steps) - Average rewards across episodes: 31.951 | Moving average: 32.63
Iteration: 66 (200 steps) - Average rewards across episodes: 35.583 | Moving average: 33.254
Iteration: 67 (200 steps) - Average rewards across episodes: 31.226 | Moving average: 32.978
Iteration: 68 (200 steps) - Average rewards across episodes: 34.988 | Moving average: 33.058
Iteration: 69 (200 steps) - Average rewards across episodes: 32.026 | Moving average: 33.109
Iteration: 70 (200 steps) - Average rewards across episodes: 35.059 | Moving average: 33.068
Iteration: 71 (200 steps) - Average rewards across episodes: 34.661 | Moving average: 33.209
Iteration: 72 (200 steps) - Average rewards across episodes: 33.143 | Moving average: 33.289
Iteration: 73 (200 steps) - Average rewards across episodes: 35.597 | Moving average: 33.692
Iteration: 74 (200 steps) - Average rewards across episodes: 35.982 | Moving average: 34.021
Iteration: 75 (200 steps) - Average rewards across episodes: 37.63 | Moving average: 34.589
Iteration: 76 (200 steps) - Average rewards across episodes: 36.657 | Moving average: 34.697
Iteration: 77 (200 steps) - Average rewards across episodes: 37.652 | Moving average: 35.339
Iteration: 78 (200 steps) - Average rewards across episodes: 37.18 | Moving average: 35.559
Iteration: 79 (200 steps) - Average rewards across episodes: 37.39 | Moving average: 36.095
Iteration: 80 (200 steps) - Average rewards across episodes: 38.022 | Moving average: 36.391
Iteration: 81 (200 steps) - Average rewards across episodes: 34.995 | Moving average: 36.425
Iteration: 82 (200 steps) - Average rewards across episodes: 36.803 | Moving average: 36.791
Iteration: 83 (200 steps) - Average rewards across episodes: 35.685 | Moving average: 36.8
Iteration: 84 (200 steps) - Average rewards across episodes: 37.158 | Moving average: 36.917
Iteration: 85 (200 steps) - Average rewards across episodes: 38.131 | Moving average: 36.967
Iteration: 86 (200 steps) - Average rewards across episodes: 39.569 | Moving average: 37.259
Iteration: 87 (200 steps) - Average rewards across episodes: 38.588 | Moving average: 37.352
Iteration: 88 (200 steps) - Average rewards across episodes: 38.393 | Moving average: 37.473
Iteration: 89 (200 steps) - Average rewards across episodes: 39.017 | Moving average: 37.636
Iteration: 90 (200 steps) - Average rewards across episodes: 37.579 | Moving average: 37.592
Iteration: 91 (200 steps) - Average rewards across episodes: 38.4 | Moving average: 37.932
Iteration: 92 (200 steps) - Average rewards across episodes: 38.69 | Moving average: 38.121
Iteration: 93 (200 steps) - Average rewards across episodes: 38.16 | Moving average: 38.368
Iteration: 94 (200 steps) - Average rewards across episodes: 39.525 | Moving average: 38.605
Iteration: 95 (200 steps) - Average rewards across episodes: 38.574 | Moving average: 38.649
Iteration: 96 (200 steps) - Average rewards across episodes: 37.18 | Moving average: 38.411
Iteration: 97 (200 steps) - Average rewards across episodes: 37.405 | Moving average: 38.292
Iteration: 98 (200 steps) - Average rewards across episodes: 38.341 | Moving average: 38.287
Iteration: 99 (200 steps) - Average rewards across episodes: 34.151 | Moving average: 37.801
ving average: 33.643
