Data Path: ../data-firm/decompress_compress_decompress_output.csv
Model Path: None
Checkpoint Path: ./model/metappo-rnn-ep30.pth.tar
Operation: adaptation
Verbosity: False | Disable Meta-learning? False
target path is:  ../data-firm/decompress_compress_decompress_output.csv
TCA done finally
TCA applied. Target dataset updated.
Iteration: 0 (200 steps) - Average rewards across episodes: 21.43 | Moving average: 21.43
Iteration: 1 (200 steps) - Average rewards across episodes: 27.983 | Moving average: 24.707
Iteration: 2 (200 steps) - Average rewards across episodes: 22.683 | Moving average: 24.032
Iteration: 3 (200 steps) - Average rewards across episodes: 23.075 | Moving average: 23.793
Iteration: 4 (200 steps) - Average rewards across episodes: 27.468 | Moving average: 24.528
Iteration: 5 (200 steps) - Average rewards across episodes: 22.25 | Moving average: 24.148
Iteration: 6 (200 steps) - Average rewards across episodes: 26.419 | Moving average: 24.473
Iteration: 7 (200 steps) - Average rewards across episodes: 29.094 | Moving average: 25.05
Iteration: 8 (200 steps) - Average rewards across episodes: 26.942 | Moving average: 25.26
Iteration: 9 (200 steps) - Average rewards across episodes: 27.506 | Moving average: 25.485
Iteration: 10 (200 steps) - Average rewards across episodes: 30.515 | Moving average: 26.393
Iteration: 11 (200 steps) - Average rewards across episodes: 31.699 | Moving average: 26.765
Iteration: 12 (200 steps) - Average rewards across episodes: 31.727 | Moving average: 27.669
Iteration: 13 (200 steps) - Average rewards across episodes: 30.014 | Moving average: 28.363
Iteration: 14 (200 steps) - Average rewards across episodes: 31.768 | Moving average: 28.793
Iteration: 15 (200 steps) - Average rewards across episodes: 31.748 | Moving average: 29.743
Iteration: 16 (200 steps) - Average rewards across episodes: 31.955 | Moving average: 30.297
Iteration: 17 (200 steps) - Average rewards across episodes: 28.037 | Moving average: 30.191
Iteration: 18 (200 steps) - Average rewards across episodes: 30.292 | Moving average: 30.526
Iteration: 19 (200 steps) - Average rewards across episodes: 30.793 | Moving average: 30.855
Iteration: 20 (200 steps) - Average rewards across episodes: 32.802 | Moving average: 31.084
Iteration: 21 (200 steps) - Average rewards across episodes: 28.012 | Moving average: 30.715
Iteration: 22 (200 steps) - Average rewards across episodes: 30.229 | Moving average: 30.565
Iteration: 23 (200 steps) - Average rewards across episodes: 32.76 | Moving average: 30.84
Iteration: 24 (200 steps) - Average rewards across episodes: 31.938 | Moving average: 30.857
Iteration: 25 (200 steps) - Average rewards across episodes: 27.906 | Moving average: 30.472
Iteration: 26 (200 steps) - Average rewards across episodes: 30.907 | Moving average: 30.368
Iteration: 27 (200 steps) - Average rewards across episodes: 29.449 | Moving average: 30.509
Iteration: 28 (200 steps) - Average rewards across episodes: 30.91 | Moving average: 30.571
Iteration: 29 (200 steps) - Average rewards across episodes: 29.712 | Moving average: 30.462
Iteration: 30 (200 steps) - Average rewards across episodes: 31.351 | Moving average: 30.317
Iteration: 31 (200 steps) - Average rewards across episodes: 30.503 | Moving average: 30.567
Iteration: 32 (200 steps) - Average rewards across episodes: 30.167 | Moving average: 30.56
Iteration: 33 (200 steps) - Average rewards across episodes: 32.259 | Moving average: 30.51
Iteration: 34 (200 steps) - Average rewards across episodes: 31.867 | Moving average: 30.503
Iteration: 35 (200 steps) - Average rewards across episodes: 31.459 | Moving average: 30.858
Iteration: 36 (200 steps) - Average rewards across episodes: 32.587 | Moving average: 31.026
Iteration: 37 (200 steps) - Average rewards across episodes: 31.384 | Moving average: 31.22
Iteration: 38 (200 steps) - Average rewards across episodes: 33.902 | Moving average: 31.519
Iteration: 39 (200 steps) - Average rewards across episodes: 30.127 | Moving average: 31.56
Iteration: 40 (200 steps) - Average rewards across episodes: 33.541 | Moving average: 31.779
Iteration: 41 (200 steps) - Average rewards across episodes: 33.588 | Moving average: 32.088
Iteration: 42 (200 steps) - Average rewards across episodes: 33.52 | Moving average: 32.423
Iteration: 43 (200 steps) - Average rewards across episodes: 31.957 | Moving average: 32.393
Iteration: 44 (200 steps) - Average rewards across episodes: 32.702 | Moving average: 32.477
Iteration: 45 (200 steps) - Average rewards across episodes: 33.154 | Moving average: 32.646
Iteration: 46 (200 steps) - Average rewards across episodes: 33.185 | Moving average: 32.706
Iteration: 47 (200 steps) - Average rewards across episodes: 32.695 | Moving average: 32.837
Iteration: 48 (200 steps) - Average rewards across episodes: 32.288 | Moving average: 32.676
Iteration: 49 (200 steps) - Average rewards across episodes: 34.418 | Moving average: 33.105
Iteration: 50 (200 steps) - Average rewards across episodes: 31.543 | Moving average: 32.905
Iteration: 51 (200 steps) - Average rewards across episodes: 33.572 | Moving average: 32.903
Iteration: 52 (200 steps) - Average rewards across episodes: 33.567 | Moving average: 32.908
Iteration: 53 (200 steps) - Average rewards across episodes: 33.144 | Moving average: 33.027
Iteration: 54 (200 steps) - Average rewards across episodes: 33.58 | Moving average: 33.115
Iteration: 55 (200 steps) - Average rewards across episodes: 33.561 | Moving average: 33.155
Iteration: 56 (200 steps) - Average rewards across episodes: 33.561 | Moving average: 33.193
Iteration: 57 (200 steps) - Average rewards across episodes: 33.186 | Moving average: 33.242
Iteration: 58 (200 steps) - Average rewards across episodes: 34.413 | Moving average: 33.454
Iteration: 59 (200 steps) - Average rewards across episodes: 33.987 | Moving average: 33.411
Iteration: 60 (200 steps) - Average rewards across episodes: 33.586 | Moving average: 33.616
Iteration: 61 (200 steps) - Average rewards across episodes: 33.561 | Moving average: 33.615
Iteration: 62 (200 steps) - Average rewards across episodes: 33.561 | Moving average: 33.614
Iteration: 63 (200 steps) - Average rewards across episodes: 33.561 | Moving average: 33.656
Iteration: 64 (200 steps) - Average rewards across episodes: 33.987 | Moving average: 33.696
Iteration: 65 (200 steps) - Average rewards across episodes: 33.586 | Moving average: 33.699
Iteration: 66 (200 steps) - Average rewards across episodes: 33.987 | Moving average: 33.742
Iteration: 67 (200 steps) - Average rewards across episodes: 34.413 | Moving average: 33.864
Iteration: 68 (200 steps) - Average rewards across episodes: 33.586 | Moving average: 33.782
Iteration: 69 (200 steps) - Average rewards across episodes: 33.561 | Moving average: 33.739
Iteration: 70 (200 steps) - Average rewards across episodes: 33.561 | Moving average: 33.736
Iteration: 71 (200 steps) - Average rewards across episodes: 33.561 | Moving average: 33.736
Iteration: 72 (200 steps) - Average rewards across episodes: 33.987 | Moving average: 33.779
Iteration: 73 (200 steps) - Average rewards across episodes: 33.987 | Moving average: 33.822
Iteration: 74 (200 steps) - Average rewards across episodes: 33.987 | Moving average: 33.822
Iteration: 75 (200 steps) - Average rewards across episodes: 33.987 | Moving average: 33.862
Iteration: 76 (200 steps) - Average rewards across episodes: 33.987 | Moving average: 33.862
Iteration: 77 (200 steps) - Average rewards across episodes: 34.84 | Moving average: 33.904
Iteration: 78 (200 steps) - Average rewards across episodes: 33.561 | Moving average: 33.902
Iteration: 79 (200 steps) - Average rewards across episodes: 33.561 | Moving average: 33.902
Iteration: 80 (200 steps) - Average rewards across episodes: 33.561 | Moving average: 33.902
Iteration: 81 (200 steps) - Average rewards across episodes: 33.561 | Moving average: 33.902
Iteration: 82 (200 steps) - Average rewards across episodes: 33.987 | Moving average: 33.902
Iteration: 83 (200 steps) - Average rewards across episodes: 33.987 | Moving average: 33.902
Iteration: 84 (200 steps) - Average rewards across episodes: 33.561 | Moving average: 33.859
Iteration: 85 (200 steps) - Average rewards across episodes: 33.561 | Moving average: 33.817
Iteration: 86 (200 steps) - Average rewards across episodes: 33.561 | Moving average: 33.774
Iteration: 87 (200 steps) - Average rewards across episodes: 33.561 | Moving average: 33.646
Iteration: 88 (200 steps) - Average rewards across episodes: 33.561 | Moving average: 33.646
Iteration: 89 (200 steps) - Average rewards across episodes: 33.561 | Moving average: 33.646
Iteration: 90 (200 steps) - Average rewards across episodes: 33.987 | Moving average: 33.689
Iteration: 91 (200 steps) - Average rewards across episodes: 33.987 | Moving average: 33.731
Iteration: 92 (200 steps) - Average rewards across episodes: 33.561 | Moving average: 33.689
Iteration: 93 (200 steps) - Average rewards across episodes: 33.987 | Moving average: 33.689
Iteration: 94 (200 steps) - Average rewards across episodes: 33.561 | Moving average: 33.689
Iteration: 95 (200 steps) - Average rewards across episodes: 33.561 | Moving average: 33.689
Iteration: 96 (200 steps) - Average rewards across episodes: 33.561 | Moving average: 33.689
Iteration: 97 (200 steps) - Average rewards across episodes: 33.561 | Moving average: 33.689
Iteration: 98 (200 steps) - Average rewards across episodes: 33.987 | Moving average: 33.731
Iteration: 99 (200 steps) - Average rewards across episodes: 33.987 | Moving average: 33.774
