Data Path: ../data-firm/readfile_imageresize_imagerotate_output.csv
Model Path: None
Checkpoint Path: ./model/metappo-rnn-ep30.pth.tar
Operation: adaptation
Verbosity: False | Disable Meta-learning? False
target path is:  ../data-firm/readfile_imageresize_imagerotate_output.csv
TCA done finally
TCA applied. Target dataset updated.
Iteration: 0 (200 steps) - Average rewards across episodes: 42.806 | Moving average: 42.806
Iteration: 1 (200 steps) - Average rewards across episodes: 47.011 | Moving average: 44.908
Iteration: 2 (200 steps) - Average rewards across episodes: 46.5 | Moving average: 45.439
Iteration: 3 (200 steps) - Average rewards across episodes: 46.265 | Moving average: 45.645
Iteration: 4 (200 steps) - Average rewards across episodes: 39.652 | Moving average: 44.447
Iteration: 5 (200 steps) - Average rewards across episodes: 44.571 | Moving average: 44.467
Iteration: 6 (200 steps) - Average rewards across episodes: 46.538 | Moving average: 44.763
Iteration: 7 (200 steps) - Average rewards across episodes: 44.663 | Moving average: 44.751
Iteration: 8 (200 steps) - Average rewards across episodes: 44.056 | Moving average: 44.673
Iteration: 9 (200 steps) - Average rewards across episodes: 45.09 | Moving average: 44.715
Iteration: 10 (200 steps) - Average rewards across episodes: 47.267 | Moving average: 45.161
Iteration: 11 (200 steps) - Average rewards across episodes: 43.682 | Moving average: 44.828
Iteration: 12 (200 steps) - Average rewards across episodes: 43.007 | Moving average: 44.479
Iteration: 13 (200 steps) - Average rewards across episodes: 47.234 | Moving average: 44.576
Iteration: 14 (200 steps) - Average rewards across episodes: 48.421 | Moving average: 45.453
Iteration: 15 (200 steps) - Average rewards across episodes: 49.87 | Moving average: 45.983
Iteration: 16 (200 steps) - Average rewards across episodes: 48.911 | Moving average: 46.22
Iteration: 17 (200 steps) - Average rewards across episodes: 46.235 | Moving average: 46.377
Iteration: 18 (200 steps) - Average rewards across episodes: 45.646 | Moving average: 46.536
Iteration: 19 (200 steps) - Average rewards across episodes: 45.839 | Moving average: 46.611
Iteration: 20 (200 steps) - Average rewards across episodes: 44.693 | Moving average: 46.354
Iteration: 21 (200 steps) - Average rewards across episodes: 43.586 | Moving average: 46.344
Iteration: 22 (200 steps) - Average rewards across episodes: 45.198 | Moving average: 46.563
Iteration: 23 (200 steps) - Average rewards across episodes: 43.618 | Moving average: 46.202
Iteration: 24 (200 steps) - Average rewards across episodes: 47.807 | Moving average: 46.14
Iteration: 25 (200 steps) - Average rewards across episodes: 43.612 | Moving average: 45.514
Iteration: 26 (200 steps) - Average rewards across episodes: 41.982 | Moving average: 44.822
Iteration: 27 (200 steps) - Average rewards across episodes: 47.207 | Moving average: 44.919
Iteration: 28 (200 steps) - Average rewards across episodes: 42.616 | Moving average: 44.616
Iteration: 29 (200 steps) - Average rewards across episodes: 41.985 | Moving average: 44.23
Iteration: 30 (200 steps) - Average rewards across episodes: 42.706 | Moving average: 44.032
Iteration: 31 (200 steps) - Average rewards across episodes: 41.951 | Moving average: 43.868
Iteration: 32 (200 steps) - Average rewards across episodes: 45.189 | Moving average: 43.867
Iteration: 33 (200 steps) - Average rewards across episodes: 45.735 | Moving average: 44.079
Iteration: 34 (200 steps) - Average rewards across episodes: 44.522 | Moving average: 43.751
Iteration: 35 (200 steps) - Average rewards across episodes: 45.526 | Moving average: 43.942
Iteration: 36 (200 steps) - Average rewards across episodes: 46.143 | Moving average: 44.358
Iteration: 37 (200 steps) - Average rewards across episodes: 46.104 | Moving average: 44.248
Iteration: 38 (200 steps) - Average rewards across episodes: 48.254 | Moving average: 44.812
Iteration: 39 (200 steps) - Average rewards across episodes: 49.331 | Moving average: 45.546
Iteration: 40 (200 steps) - Average rewards across episodes: 49.339 | Moving average: 46.209
Iteration: 41 (200 steps) - Average rewards across episodes: 48.86 | Moving average: 46.9
Iteration: 42 (200 steps) - Average rewards across episodes: 49.939 | Moving average: 47.375
Iteration: 43 (200 steps) - Average rewards across episodes: 49.939 | Moving average: 47.796
Iteration: 44 (200 steps) - Average rewards across episodes: 48.862 | Moving average: 48.23
Iteration: 45 (200 steps) - Average rewards across episodes: 48.812 | Moving average: 48.558
Iteration: 46 (200 steps) - Average rewards across episodes: 51.021 | Moving average: 49.046
Iteration: 47 (200 steps) - Average rewards across episodes: 49.945 | Moving average: 49.43
Iteration: 48 (200 steps) - Average rewards across episodes: 48.841 | Moving average: 49.489
Iteration: 49 (200 steps) - Average rewards across episodes: 48.824 | Moving average: 49.438
Iteration: 50 (200 steps) - Average rewards across episodes: 46.606 | Moving average: 49.165
Iteration: 51 (200 steps) - Average rewards across episodes: 44.122 | Moving average: 48.691
Iteration: 52 (200 steps) - Average rewards across episodes: 46.185 | Moving average: 48.316
Iteration: 53 (200 steps) - Average rewards across episodes: 48.672 | Moving average: 48.189
Iteration: 54 (200 steps) - Average rewards across episodes: 47.261 | Moving average: 48.029
Iteration: 55 (200 steps) - Average rewards across episodes: 51.534 | Moving average: 48.301
Iteration: 56 (200 steps) - Average rewards across episodes: 49.286 | Moving average: 48.128
Iteration: 57 (200 steps) - Average rewards across episodes: 49.942 | Moving average: 48.127
Iteration: 58 (200 steps) - Average rewards across episodes: 48.863 | Moving average: 48.129
Iteration: 59 (200 steps) - Average rewards across episodes: 49.42 | Moving average: 48.189
Iteration: 60 (200 steps) - Average rewards across episodes: 50.508 | Moving average: 48.579
Iteration: 61 (200 steps) - Average rewards across episodes: 51.486 | Moving average: 49.316
Iteration: 62 (200 steps) - Average rewards across episodes: 50.458 | Moving average: 49.743
Iteration: 63 (200 steps) - Average rewards across episodes: 50.973 | Moving average: 49.973
Iteration: 64 (200 steps) - Average rewards across episodes: 49.429 | Moving average: 50.19
Iteration: 65 (200 steps) - Average rewards across episodes: 48.77 | Moving average: 49.914
Iteration: 66 (200 steps) - Average rewards across episodes: 49.331 | Moving average: 49.918
Iteration: 67 (200 steps) - Average rewards across episodes: 50.508 | Moving average: 49.975
Iteration: 68 (200 steps) - Average rewards across episodes: 50.508 | Moving average: 50.139
Iteration: 69 (200 steps) - Average rewards across episodes: 50.973 | Moving average: 50.295
Iteration: 70 (200 steps) - Average rewards across episodes: 50.508 | Moving average: 50.295
Iteration: 71 (200 steps) - Average rewards across episodes: 51.021 | Moving average: 50.248
Iteration: 72 (200 steps) - Average rewards across episodes: 51.021 | Moving average: 50.305
Iteration: 73 (200 steps) - Average rewards across episodes: 49.945 | Moving average: 50.202
Iteration: 74 (200 steps) - Average rewards across episodes: 48.91 | Moving average: 50.15
Iteration: 75 (200 steps) - Average rewards across episodes: 37.599 | Moving average: 49.033
Iteration: 76 (200 steps) - Average rewards across episodes: 37.24 | Moving average: 47.824
Iteration: 77 (200 steps) - Average rewards across episodes: 42.649 | Moving average: 47.038
Iteration: 78 (200 steps) - Average rewards across episodes: 39.231 | Moving average: 45.91
Iteration: 79 (200 steps) - Average rewards across episodes: 39.563 | Moving average: 44.769
Iteration: 80 (200 steps) - Average rewards across episodes: 40.046 | Moving average: 43.723
Iteration: 81 (200 steps) - Average rewards across episodes: 41.169 | Moving average: 42.737
Iteration: 82 (200 steps) - Average rewards across episodes: 44.051 | Moving average: 42.04
Iteration: 83 (200 steps) - Average rewards across episodes: 48.242 | Moving average: 41.87
Iteration: 84 (200 steps) - Average rewards across episodes: 44.531 | Moving average: 41.432
Iteration: 85 (200 steps) - Average rewards across episodes: 48.812 | Moving average: 42.554
Iteration: 86 (200 steps) - Average rewards across episodes: 46.647 | Moving average: 43.494
Iteration: 87 (200 steps) - Average rewards across episodes: 48.176 | Moving average: 44.047
Iteration: 88 (200 steps) - Average rewards across episodes: 46.68 | Moving average: 44.792
Iteration: 89 (200 steps) - Average rewards across episodes: 45.517 | Moving average: 45.387
Iteration: 90 (200 steps) - Average rewards across episodes: 42.523 | Moving average: 45.635
Iteration: 91 (200 steps) - Average rewards across episodes: 43.489 | Moving average: 45.867
Iteration: 92 (200 steps) - Average rewards across episodes: 41.232 | Moving average: 45.585
Iteration: 93 (200 steps) - Average rewards across episodes: 43.559 | Moving average: 45.117
Iteration: 94 (200 steps) - Average rewards across episodes: 42.539 | Moving average: 44.918
Iteration: 95 (200 steps) - Average rewards across episodes: 46.78 | Moving average: 44.714
Iteration: 96 (200 steps) - Average rewards across episodes: 48.319 | Moving average: 44.881
Iteration: 97 (200 steps) - Average rewards across episodes: 47.702 | Moving average: 44.834
Iteration: 98 (200 steps) - Average rewards across episodes: 43.568 | Moving average: 44.523
Iteration: 99 (200 steps) - Average rewards across episodes: 42.494 | Moving average: 44.221
