Data Path: ../data-firm/decompress_output.csv
Model Path: None
Checkpoint Path: ./model/metappo-rnn-ep30.pth.tar
Operation: adaptation
Verbosity: False | Disable Meta-learning? False
Iteration: 0 (200 steps) - Average rewards across episodes: 23.287 | Moving average: 23.287
Iteration: 1 (200 steps) - Average rewards across episodes: 27.329 | Moving average: 25.308
Iteration: 2 (200 steps) - Average rewards across episodes: 32.099 | Moving average: 27.572
Iteration: 3 (200 steps) - Average rewards across episodes: 28.42 | Moving average: 27.784
Iteration: 4 (200 steps) - Average rewards across episodes: 30.022 | Moving average: 28.231
Iteration: 5 (200 steps) - Average rewards across episodes: 30.179 | Moving average: 28.556
Iteration: 6 (200 steps) - Average rewards across episodes: 28.416 | Moving average: 28.536
Iteration: 7 (200 steps) - Average rewards across episodes: 30.087 | Moving average: 28.73
Iteration: 8 (200 steps) - Average rewards across episodes: 30.858 | Moving average: 28.967
Iteration: 9 (200 steps) - Average rewards across episodes: 32.975 | Moving average: 29.367
Iteration: 10 (200 steps) - Average rewards across episodes: 29.455 | Moving average: 29.984
Iteration: 11 (200 steps) - Average rewards across episodes: 25.492 | Moving average: 29.8
Iteration: 12 (200 steps) - Average rewards across episodes: 32.441 | Moving average: 29.835
Iteration: 13 (200 steps) - Average rewards across episodes: 35.514 | Moving average: 30.544
Iteration: 14 (200 steps) - Average rewards across episodes: 35.152 | Moving average: 31.057
Iteration: 15 (200 steps) - Average rewards across episodes: 26.193 | Moving average: 30.658
Iteration: 16 (200 steps) - Average rewards across episodes: 27.915 | Moving average: 30.608
Iteration: 17 (200 steps) - Average rewards across episodes: 27.586 | Moving average: 30.358
Iteration: 18 (200 steps) - Average rewards across episodes: 30.133 | Moving average: 30.286
Iteration: 19 (200 steps) - Average rewards across episodes: 35.039 | Moving average: 30.492
Iteration: 20 (200 steps) - Average rewards across episodes: 35.676 | Moving average: 31.114
Iteration: 21 (200 steps) - Average rewards across episodes: 36.004 | Moving average: 32.165
Iteration: 22 (200 steps) - Average rewards across episodes: 33.668 | Moving average: 32.288
Iteration: 23 (200 steps) - Average rewards across episodes: 34.249 | Moving average: 32.162
Iteration: 24 (200 steps) - Average rewards across episodes: 33.553 | Moving average: 32.002
Iteration: 25 (200 steps) - Average rewards across episodes: 35.484 | Moving average: 32.931
Iteration: 26 (200 steps) - Average rewards across episodes: 35.039 | Moving average: 33.643
Iteration: 27 (200 steps) - Average rewards across episodes: 36.023 | Moving average: 34.487
Iteration: 28 (200 steps) - Average rewards across episodes: 35.966 | Moving average: 35.07
Iteration: 29 (200 steps) - Average rewards across episodes: 36.564 | Moving average: 35.223
Iteration: 30 (200 steps) - Average rewards across episodes: 36.39 | Moving average: 35.294
Iteration: 31 (200 steps) - Average rewards across episodes: 36.487 | Moving average: 35.342
Iteration: 32 (200 steps) - Average rewards across episodes: 37.954 | Moving average: 35.771
Iteration: 33 (200 steps) - Average rewards across episodes: 37.8 | Moving average: 36.126
Iteration: 34 (200 steps) - Average rewards across episodes: 36.545 | Moving average: 36.425
Iteration: 35 (200 steps) - Average rewards across episodes: 37.066 | Moving average: 36.583
Iteration: 36 (200 steps) - Average rewards across episodes: 35.541 | Moving average: 36.634
Iteration: 37 (200 steps) - Average rewards across episodes: 37.066 | Moving average: 36.738
Iteration: 38 (200 steps) - Average rewards across episodes: 37.51 | Moving average: 36.892
Iteration: 39 (200 steps) - Average rewards across episodes: 37.066 | Moving average: 36.943
Iteration: 40 (200 steps) - Average rewards across episodes: 37.51 | Moving average: 37.055
Iteration: 41 (200 steps) - Average rewards across episodes: 37.954 | Moving average: 37.201
Iteration: 42 (200 steps) - Average rewards across episodes: 37.066 | Moving average: 37.112
Iteration: 43 (200 steps) - Average rewards across episodes: 37.51 | Moving average: 37.083
Iteration: 44 (200 steps) - Average rewards across episodes: 37.51 | Moving average: 37.18
Iteration: 45 (200 steps) - Average rewards across episodes: 36.487 | Moving average: 37.122
Iteration: 46 (200 steps) - Average rewards across episodes: 37.066 | Moving average: 37.275
Iteration: 47 (200 steps) - Average rewards across episodes: 37.51 | Moving average: 37.319
Iteration: 48 (200 steps) - Average rewards across episodes: 37.51 | Moving average: 37.319
Iteration: 49 (200 steps) - Average rewards across episodes: 36.545 | Moving average: 37.267
Iteration: 50 (200 steps) - Average rewards across episodes: 37.066 | Moving average: 37.222
Iteration: 51 (200 steps) - Average rewards across episodes: 37.51 | Moving average: 37.178
Iteration: 52 (200 steps) - Average rewards across episodes: 37.51 | Moving average: 37.222
Iteration: 53 (200 steps) - Average rewards across episodes: 37.51 | Moving average: 37.222
Iteration: 54 (200 steps) - Average rewards across episodes: 37.51 | Moving average: 37.222
Iteration: 55 (200 steps) - Average rewards across episodes: 37.51 | Moving average: 37.325
Iteration: 56 (200 steps) - Average rewards across episodes: 37.066 | Moving average: 37.325
Iteration: 57 (200 steps) - Average rewards across episodes: 37.51 | Moving average: 37.325
Iteration: 58 (200 steps) - Average rewards across episodes: 37.066 | Moving average: 37.28
Iteration: 59 (200 steps) - Average rewards across episodes: 37.51 | Moving average: 37.377
Iteration: 60 (200 steps) - Average rewards across episodes: 37.066 | Moving average: 37.377
Iteration: 61 (200 steps) - Average rewards across episodes: 37.066 | Moving average: 37.333
Iteration: 62 (200 steps) - Average rewards across episodes: 37.066 | Moving average: 37.288
Iteration: 63 (200 steps) - Average rewards across episodes: 37.066 | Moving average: 37.244
Iteration: 64 (200 steps) - Average rewards across episodes: 37.954 | Moving average: 37.288
Iteration: 65 (200 steps) - Average rewards across episodes: 37.51 | Moving average: 37.288
Iteration: 66 (200 steps) - Average rewards across episodes: 37.51 | Moving average: 37.333
Iteration: 67 (200 steps) - Average rewards across episodes: 38.399 | Moving average: 37.421
Iteration: 68 (200 steps) - Average rewards across episodes: 37.066 | Moving average: 37.421
Iteration: 69 (200 steps) - Average rewards across episodes: 37.066 | Moving average: 37.377
Iteration: 70 (200 steps) - Average rewards across episodes: 37.954 | Moving average: 37.466
Iteration: 71 (200 steps) - Average rewards across episodes: 37.51 | Moving average: 37.51
Iteration: 72 (200 steps) - Average rewards across episodes: 37.51 | Moving average: 37.555
Iteration: 73 (200 steps) - Average rewards across episodes: 37.51 | Moving average: 37.599
Iteration: 74 (200 steps) - Average rewards across episodes: 37.066 | Moving average: 37.51
Iteration: 75 (200 steps) - Average rewards across episodes: 38.399 | Moving average: 37.599
Iteration: 76 (200 steps) - Average rewards across episodes: 37.066 | Moving average: 37.555
Iteration: 77 (200 steps) - Average rewards across episodes: 37.066 | Moving average: 37.421
Iteration: 78 (200 steps) - Average rewards across episodes: 37.51 | Moving average: 37.466
Iteration: 79 (200 steps) - Average rewards across episodes: 37.51 | Moving average: 37.51
Iteration: 80 (200 steps) - Average rewards across episodes: 37.066 | Moving average: 37.421
Iteration: 81 (200 steps) - Average rewards across episodes: 37.066 | Moving average: 37.377
Iteration: 82 (200 steps) - Average rewards across episodes: 37.51 | Moving average: 37.377
Iteration: 83 (200 steps) - Average rewards across episodes: 37.954 | Moving average: 37.421
Iteration: 84 (200 steps) - Average rewards across episodes: 37.066 | Moving average: 37.421
Iteration: 85 (200 steps) - Average rewards across episodes: 37.066 | Moving average: 37.288
Iteration: 86 (200 steps) - Average rewards across episodes: 37.51 | Moving average: 37.333
Iteration: 87 (200 steps) - Average rewards across episodes: 37.51 | Moving average: 37.377
Iteration: 88 (200 steps) - Average rewards across episodes: 37.066 | Moving average: 37.333
Iteration: 89 (200 steps) - Average rewards across episodes: 37.51 | Moving average: 37.333
Iteration: 90 (200 steps) - Average rewards across episodes: 37.066 | Moving average: 37.333
Iteration: 91 (200 steps) - Average rewards across episodes: 37.51 | Moving average: 37.377
Iteration: 92 (200 steps) - Average rewards across episodes: 37.954 | Moving average: 37.421
Iteration: 93 (200 steps) - Average rewards across episodes: 37.066 | Moving average: 37.333
Iteration: 94 (200 steps) - Average rewards across episodes: 37.51 | Moving average: 37.377
Iteration: 95 (200 steps) - Average rewards across episodes: 37.51 | Moving average: 37.421
Iteration: 96 (200 steps) - Average rewards across episodes: 37.066 | Moving average: 37.377
Iteration: 97 (200 steps) - Average rewards across episodes: 37.51 | Moving average: 37.377
Iteration: 98 (200 steps) - Average rewards across episodes: 37.51 | Moving average: 37.421
Iteration: 99 (200 steps) - Average rewards across episodes: 37.066 | Moving average: 37.377
