Data Path: ../data-firm/writefile_writefile_output.csv
Model Path: None
Checkpoint Path: ./model/metappo-rnn-ep30.pth.tar
Operation: adaptation
Verbosity: False | Disable Meta-learning? False
Iteration: 0 (200 steps) - Average rewards across episodes: 14.817 | Moving average: 14.817
Iteration: 1 (200 steps) - Average rewards across episodes: 15.056 | Moving average: 14.937
Iteration: 2 (200 steps) - Average rewards across episodes: 12.606 | Moving average: 14.16
Iteration: 3 (200 steps) - Average rewards across episodes: 14.302 | Moving average: 14.195
Iteration: 4 (200 steps) - Average rewards across episodes: 14.833 | Moving average: 14.323
Iteration: 5 (200 steps) - Average rewards across episodes: 18.681 | Moving average: 15.049
Iteration: 6 (200 steps) - Average rewards across episodes: 17.0 | Moving average: 15.328
Iteration: 7 (200 steps) - Average rewards across episodes: 21.041 | Moving average: 16.042
Iteration: 8 (200 steps) - Average rewards across episodes: 18.939 | Moving average: 16.364
Iteration: 9 (200 steps) - Average rewards across episodes: 17.35 | Moving average: 16.462
Iteration: 10 (200 steps) - Average rewards across episodes: 18.76 | Moving average: 16.857
Iteration: 11 (200 steps) - Average rewards across episodes: 21.022 | Moving average: 17.453
Iteration: 12 (200 steps) - Average rewards across episodes: 19.412 | Moving average: 18.134
Iteration: 13 (200 steps) - Average rewards across episodes: 19.535 | Moving average: 18.657
Iteration: 14 (200 steps) - Average rewards across episodes: 20.048 | Moving average: 19.179
Iteration: 15 (200 steps) - Average rewards across episodes: 19.987 | Moving average: 19.309
Iteration: 16 (200 steps) - Average rewards across episodes: 19.595 | Moving average: 19.569
Iteration: 17 (200 steps) - Average rewards across episodes: 20.95 | Moving average: 19.56
Iteration: 18 (200 steps) - Average rewards across episodes: 19.447 | Moving average: 19.611
Iteration: 19 (200 steps) - Average rewards across episodes: 19.747 | Moving average: 19.85
Iteration: 20 (200 steps) - Average rewards across episodes: 19.062 | Moving average: 19.88
Iteration: 21 (200 steps) - Average rewards across episodes: 19.99 | Moving average: 19.777
Iteration: 22 (200 steps) - Average rewards across episodes: 20.41 | Moving average: 19.877
Iteration: 23 (200 steps) - Average rewards across episodes: 16.246 | Moving average: 19.548
Iteration: 24 (200 steps) - Average rewards across episodes: 19.813 | Moving average: 19.525
Iteration: 25 (200 steps) - Average rewards across episodes: 20.516 | Moving average: 19.578
Iteration: 26 (200 steps) - Average rewards across episodes: 16.734 | Moving average: 19.292
Iteration: 27 (200 steps) - Average rewards across episodes: 16.652 | Moving average: 18.862
Iteration: 28 (200 steps) - Average rewards across episodes: 21.046 | Moving average: 19.022
Iteration: 29 (200 steps) - Average rewards across episodes: 15.115 | Moving average: 18.558
Iteration: 30 (200 steps) - Average rewards across episodes: 17.646 | Moving average: 18.417
Iteration: 31 (200 steps) - Average rewards across episodes: 21.451 | Moving average: 18.563
Iteration: 32 (200 steps) - Average rewards across episodes: 20.853 | Moving average: 18.607
Iteration: 33 (200 steps) - Average rewards across episodes: 18.039 | Moving average: 18.787
Iteration: 34 (200 steps) - Average rewards across episodes: 20.197 | Moving average: 18.825
Iteration: 35 (200 steps) - Average rewards across episodes: 20.159 | Moving average: 18.789
Iteration: 36 (200 steps) - Average rewards across episodes: 19.011 | Moving average: 19.017
Iteration: 37 (200 steps) - Average rewards across episodes: 21.015 | Moving average: 19.453
Iteration: 38 (200 steps) - Average rewards across episodes: 20.9 | Moving average: 19.439
Iteration: 39 (200 steps) - Average rewards across episodes: 20.345 | Moving average: 19.962
Iteration: 40 (200 steps) - Average rewards across episodes: 21.362 | Moving average: 20.333
Iteration: 41 (200 steps) - Average rewards across episodes: 20.044 | Moving average: 20.193
Iteration: 42 (200 steps) - Average rewards across episodes: 21.754 | Moving average: 20.283
Iteration: 43 (200 steps) - Average rewards across episodes: 20.768 | Moving average: 20.556
Iteration: 44 (200 steps) - Average rewards across episodes: 18.969 | Moving average: 20.433
Iteration: 45 (200 steps) - Average rewards across episodes: 20.788 | Moving average: 20.496
Iteration: 46 (200 steps) - Average rewards across episodes: 20.892 | Moving average: 20.684
Iteration: 47 (200 steps) - Average rewards across episodes: 21.702 | Moving average: 20.752
Iteration: 48 (200 steps) - Average rewards across episodes: 21.025 | Moving average: 20.765
Iteration: 49 (200 steps) - Average rewards across episodes: 18.882 | Moving average: 20.619
Iteration: 50 (200 steps) - Average rewards across episodes: 18.168 | Moving average: 20.299
Iteration: 51 (200 steps) - Average rewards across episodes: 20.374 | Moving average: 20.332
Iteration: 52 (200 steps) - Average rewards across episodes: 17.844 | Moving average: 19.941
Iteration: 53 (200 steps) - Average rewards across episodes: 18.276 | Moving average: 19.692
Iteration: 54 (200 steps) - Average rewards across episodes: 18.49 | Moving average: 19.644
Iteration: 55 (200 steps) - Average rewards across episodes: 18.877 | Moving average: 19.453
Iteration: 56 (200 steps) - Average rewards across episodes: 17.909 | Moving average: 19.155
Iteration: 57 (200 steps) - Average rewards across episodes: 19.018 | Moving average: 18.886
Iteration: 58 (200 steps) - Average rewards across episodes: 18.097 | Moving average: 18.594
Iteration: 59 (200 steps) - Average rewards across episodes: 19.901 | Moving average: 18.695
Iteration: 60 (200 steps) - Average rewards across episodes: 19.487 | Moving average: 18.827
Iteration: 61 (200 steps) - Average rewards across episodes: 20.837 | Moving average: 18.874
Iteration: 62 (200 steps) - Average rewards across episodes: 23.295 | Moving average: 19.419
Iteration: 63 (200 steps) - Average rewards across episodes: 22.076 | Moving average: 19.799
Iteration: 64 (200 steps) - Average rewards across episodes: 21.882 | Moving average: 20.138
Iteration: 65 (200 steps) - Average rewards across episodes: 22.726 | Moving average: 20.523
Iteration: 66 (200 steps) - Average rewards across episodes: 22.922 | Moving average: 21.024
Iteration: 67 (200 steps) - Average rewards across episodes: 19.539 | Moving average: 21.076
Iteration: 68 (200 steps) - Average rewards across episodes: 20.893 | Moving average: 21.356
Iteration: 69 (200 steps) - Average rewards across episodes: 22.073 | Moving average: 21.573
Iteration: 70 (200 steps) - Average rewards across episodes: 24.309 | Moving average: 22.055
Iteration: 71 (200 steps) - Average rewards across episodes: 23.161 | Moving average: 22.288
Iteration: 72 (200 steps) - Average rewards across episodes: 23.667 | Moving average: 22.325
Iteration: 73 (200 steps) - Average rewards across episodes: 20.406 | Moving average: 22.158
Iteration: 74 (200 steps) - Average rewards across episodes: 19.69 | Moving average: 21.939
Iteration: 75 (200 steps) - Average rewards across episodes: 20.8 | Moving average: 21.746
Iteration: 76 (200 steps) - Average rewards across episodes: 19.844 | Moving average: 21.438
Iteration: 77 (200 steps) - Average rewards across episodes: 21.072 | Moving average: 21.592
Iteration: 78 (200 steps) - Average rewards across episodes: 23.88 | Moving average: 21.89
Iteration: 79 (200 steps) - Average rewards across episodes: 24.491 | Moving average: 22.132
Iteration: 80 (200 steps) - Average rewards across episodes: 23.584 | Moving average: 22.06
Iteration: 81 (200 steps) - Average rewards across episodes: 22.442 | Moving average: 21.988
Iteration: 82 (200 steps) - Average rewards across episodes: 21.974 | Moving average: 21.818
Iteration: 83 (200 steps) - Average rewards across episodes: 22.378 | Moving average: 22.015
Iteration: 84 (200 steps) - Average rewards across episodes: 24.613 | Moving average: 22.508
Iteration: 85 (200 steps) - Average rewards across episodes: 23.808 | Moving average: 22.809
Iteration: 86 (200 steps) - Average rewards across episodes: 24.24 | Moving average: 23.248
Iteration: 87 (200 steps) - Average rewards across episodes: 23.452 | Moving average: 23.486
Iteration: 88 (200 steps) - Average rewards across episodes: 23.471 | Moving average: 23.445
Iteration: 89 (200 steps) - Average rewards across episodes: 22.752 | Moving average: 23.271
Iteration: 90 (200 steps) - Average rewards across episodes: 23.445 | Moving average: 23.257
Iteration: 91 (200 steps) - Average rewards across episodes: 23.379 | Moving average: 23.351
Iteration: 92 (200 steps) - Average rewards across episodes: 24.235 | Moving average: 23.577
Iteration: 93 (200 steps) - Average rewards across episodes: 23.492 | Moving average: 23.689
Iteration: 94 (200 steps) - Average rewards across episodes: 23.107 | Moving average: 23.538
Iteration: 95 (200 steps) - Average rewards across episodes: 23.827 | Moving average: 23.54
Iteration: 96 (200 steps) - Average rewards across episodes: 25.013 | Moving average: 23.617
Iteration: 97 (200 steps) - Average rewards across episodes: 24.214 | Moving average: 23.694
Iteration: 98 (200 steps) - Average rewards across episodes: 24.233 | Moving average: 23.77
Iteration: 99 (200 steps) - Average rewards across episodes: 24.235 | Moving average: 23.918
